<?xml version="1.0" encoding="UTF-8"?>
<!-- Generated by org.testng.reporters.JUnitXMLReporter -->
<testsuite ignored="0" hostname="Yogesh" failures="0" tests="1" name="Firefoxbrowser" time="0.032" errors="0" timestamp="2022-06-30T12:54:28 IST">
  <testcase classname="Test.VerifyCarInsurance" name="@BeforeTest launchbrowser" time="0.0">
    <failure type="java.lang.NullPointerException" message="Cannot invoke &amp;quot;org.openqa.selenium.WebDriver.manage()&amp;quot; because &amp;quot;this.driver&amp;quot; is null">
      <![CDATA[java.lang.NullPointerException: Cannot invoke "org.openqa.selenium.WebDriver.manage()" because "this.driver" is null
at Test.VerifyCarInsurance.launchbrowser(VerifyCarInsurance.java:52)
... Removed 22 stack frames]]>
    </failure>
  </testcase> <!-- @BeforeTest launchbrowser -->
  <testcase classname="Test.VerifyCarInsurance" name="@BeforeClass createpomobjects" time="-1.656573868609E9">
    <skipped/>
  </testcase> <!-- @BeforeClass createpomobjects -->
  <testcase classname="Test.VerifyCarInsurance" name="@BeforeMethod logintheapplicatin" time="-1.656573868618E9">
    <skipped/>
  </testcase> <!-- @BeforeMethod logintheapplicatin -->
  <testcase classname="Test.VerifyCarInsurance" name="@AfterMethod logoutapplication" time="-1.656573868624E9">
    <skipped/>
  </testcase> <!-- @AfterMethod logoutapplication -->
  <testcase classname="Test.VerifyCarInsurance" name="@AfterClass clearobject" time="-1.656573868624E9">
    <skipped/>
  </testcase> <!-- @AfterClass clearobject -->
  <testcase classname="Test.VerifyCarInsurance" name="@AfterTest closebrowser" time="-1.656573868624E9">
    <skipped/>
  </testcase> <!-- @AfterTest closebrowser -->
  <testcase classname="Test.VerifyCarInsurance" name="verifyreriveQotation" time="0.0">
    <skipped/>
  </testcase> <!-- verifyreriveQotation -->
</testsuite> <!-- Firefoxbrowser -->
