<?xml version="1.0" encoding="UTF-8"?>
<!-- Generated by org.testng.reporters.JUnitXMLReporter -->
<testsuite ignored="0" hostname="Yogesh" failures="0" tests="3" name="Test" time="24.92" errors="0" timestamp="2022-06-27T16:49:22 IST">
  <testcase classname="Test.VerifyCarInsurance" name="verifyrequestQotation" time="0.018"/>
  <testcase classname="Test.VerifyCarInsurance" name="verifyreriveQotation" time="0.049"/>
  <testcase classname="Test.Verifyregistrationpage" name="verifregistrationpage" time="0.942"/>
</testsuite> <!-- Test -->
